# JRE version: Java(TM) SE Runtime Environment (8.0_301-b09) (build 1.8.0_301-b09)
# Java VM: Java HotSpot(TM) 64-Bit Server VM (25.301-b09 mixed mode windows-amd64 compressed oops)
Heap:
 PSYoungGen      total 137728K, used 44374K [0x00000000f5580000, 0x0000000100000000, 0x0000000100000000)
  eden space 113152K, 17% used [0x00000000f5580000,0x00000000f69310c8,0x00000000fc400000)
  from space 24576K, 98% used [0x00000000fc400000,0x00000000fdba4990,0x00000000fdc00000)
  to   space 32768K, 0% used [0x00000000fe000000,0x00000000fe000000,0x0000000100000000)
 ParOldGen       total 175104K, used 37850K [0x00000000e0000000, 0x00000000eab00000, 0x00000000f5580000)
  object space 175104K, 21% used [0x00000000e0000000,0x00000000e24f68a8,0x00000000eab00000)
 Metaspace       used 62599K, capacity 67206K, committed 67416K, reserved 1107968K
  class space    used 8722K, capacity 9591K, committed 9600K, reserved 1048576K
GC Heap History (10 events):
Event: 3369.538 GC heap before
{Heap before GC invocations=14 (full 3):
 PSYoungGen      total 152064K, used 10027K [0x00000000f5580000, 0x0000000100000000, 0x0000000100000000)
  eden space 129536K, 0% used [0x00000000f5580000,0x00000000f5580000,0x00000000fd400000)
  from space 22528K, 44% used [0x00000000fd400000,0x00000000fddcae48,0x00000000fea00000)
  to   space 22016K, 0% used [0x00000000fea80000,0x00000000fea80000,0x0000000100000000)
 ParOldGen       total 175104K, used 37253K [0x00000000e0000000, 0x00000000eab00000, 0x00000000f5580000)
  object space 175104K, 21% used [0x00000000e0000000,0x00000000e2461618,0x00000000eab00000)
 Metaspace       used 54769K, capacity 58858K, committed 59028K, reserved 1099776K
  class space    used 7939K, capacity 8716K, committed 8832K, reserved 1048576K
Event: 3369.812 GC heap after
Heap after GC invocations=14 (full 3):
 PSYoungGen      total 152064K, used 0K [0x00000000f5580000, 0x0000000100000000, 0x0000000100000000)
  eden space 129536K, 0% used [0x00000000f5580000,0x00000000f5580000,0x00000000fd400000)
  from space 22528K, 0% used [0x00000000fd400000,0x00000000fd400000,0x00000000fea00000)
  to   space 22016K, 0% used [0x00000000fea80000,0x00000000fea80000,0x0000000100000000)
 ParOldGen       total 175104K, used 29973K [0x00000000e0000000, 0x00000000eab00000, 0x00000000f5580000)
  object space 175104K, 17% used [0x00000000e0000000,0x00000000e1d455c8,0x00000000eab00000)
 Metaspace       used 54281K, capacity 57710K, committed 59028K, reserved 1099776K
  class space    used 7800K, capacity 8430K, committed 8832K, reserved 1048576K
}
Event: 3553.487 GC heap before
{Heap before GC invocations=15 (full 3):
 PSYoungGen      total 152064K, used 129536K [0x00000000f5580000, 0x0000000100000000, 0x0000000100000000)
  eden space 129536K, 100% used [0x00000000f5580000,0x00000000fd400000,0x00000000fd400000)
  from space 22528K, 0% used [0x00000000fd400000,0x00000000fd400000,0x00000000fea00000)
  to   space 22016K, 0% used [0x00000000fea80000,0x00000000fea80000,0x0000000100000000)
 ParOldGen       total 175104K, used 29973K [0x00000000e0000000, 0x00000000eab00000, 0x00000000f5580000)
  object space 175104K, 17% used [0x00000000e0000000,0x00000000e1d455c8,0x00000000eab00000)
 Metaspace       used 60239K, capacity 64278K, committed 64728K, reserved 1103872K
  class space    used 8579K, capacity 9329K, committed 9472K, reserved 1048576K
Event: 3553.517 GC heap after
Heap after GC invocations=15 (full 3):
 PSYoungGen      total 150528K, used 17887K [0x00000000f5580000, 0x0000000100000000, 0x0000000100000000)
  eden space 128512K, 0% used [0x00000000f5580000,0x00000000f5580000,0x00000000fd300000)
  from space 22016K, 81% used [0x00000000fea80000,0x00000000ffbf7cc8,0x0000000100000000)
  to   space 23040K, 0% used [0x00000000fd300000,0x00000000fd300000,0x00000000fe980000)
 ParOldGen       total 175104K, used 29981K [0x00000000e0000000, 0x00000000eab00000, 0x00000000f5580000)
  object space 175104K, 17% used [0x00000000e0000000,0x00000000e1d475c8,0x00000000eab00000)
 Metaspace       used 60239K, capacity 64278K, committed 64728K, reserved 1103872K
  class space    used 8579K, capacity 9329K, committed 9472K, reserved 1048576K
}
Event: 3881.447 GC heap before
{Heap before GC invocations=16 (full 3):
 PSYoungGen      total 150528K, used 146399K [0x00000000f5580000, 0x0000000100000000, 0x0000000100000000)
  eden space 128512K, 100% used [0x00000000f5580000,0x00000000fd300000,0x00000000fd300000)
  from space 22016K, 81% used [0x00000000fea80000,0x00000000ffbf7cc8,0x0000000100000000)
  to   space 23040K, 0% used [0x00000000fd300000,0x00000000fd300000,0x00000000fe980000)
 ParOldGen       total 175104K, used 29981K [0x00000000e0000000, 0x00000000eab00000, 0x00000000f5580000)
  object space 175104K, 17% used [0x00000000e0000000,0x00000000e1d475c8,0x00000000eab00000)
 Metaspace       used 60951K, capacity 65312K, committed 65496K, reserved 1105920K
  class space    used 8619K, capacity 9419K, committed 9472K, reserved 1048576K
Event: 3881.533 GC heap after
Heap after GC invocations=16 (full 3):
 PSYoungGen      total 151552K, used 23032K [0x00000000f5580000, 0x0000000100000000, 0x0000000100000000)
  eden space 128512K, 0% used [0x00000000f5580000,0x00000000f5580000,0x00000000fd300000)
  from space 23040K, 99% used [0x00000000fd300000,0x00000000fe97e218,0x00000000fe980000)
  to   space 23040K, 0% used [0x00000000fe980000,0x00000000fe980000,0x0000000100000000)
 ParOldGen       total 175104K, used 36335K [0x00000000e0000000, 0x00000000eab00000, 0x00000000f5580000)
  object space 175104K, 20% used [0x00000000e0000000,0x00000000e237bca8,0x00000000eab00000)
 Metaspace       used 60951K, capacity 65312K, committed 65496K, reserved 1105920K
  class space    used 8619K, capacity 9419K, committed 9472K, reserved 1048576K
}
Event: 4209.173 GC heap before
{Heap before GC invocations=17 (full 3):
 PSYoungGen      total 151552K, used 151544K [0x00000000f5580000, 0x0000000100000000, 0x0000000100000000)
  eden space 128512K, 100% used [0x00000000f5580000,0x00000000fd300000,0x00000000fd300000)
  from space 23040K, 99% used [0x00000000fd300000,0x00000000fe97e218,0x00000000fe980000)
  to   space 23040K, 0% used [0x00000000fe980000,0x00000000fe980000,0x0000000100000000)
 ParOldGen       total 175104K, used 36335K [0x00000000e0000000, 0x00000000eab00000, 0x00000000f5580000)
  object space 175104K, 20% used [0x00000000e0000000,0x00000000e237bca8,0x00000000eab00000)
 Metaspace       used 61751K, capacity 66174K, committed 66392K, reserved 1105920K
  class space    used 8649K, capacity 9480K, committed 9600K, reserved 1048576K
Event: 4209.380 GC heap after
Heap after GC invocations=17 (full 3):
 PSYoungGen      total 136192K, used 23015K [0x00000000f5580000, 0x0000000100000000, 0x0000000100000000)
  eden space 113152K, 0% used [0x00000000f5580000,0x00000000f5580000,0x00000000fc400000)
  from space 23040K, 99% used [0x00000000fe980000,0x00000000ffff9d08,0x0000000100000000)
  to   space 30720K, 0% used [0x00000000fc400000,0x00000000fc400000,0x00000000fe200000)
 ParOldGen       total 175104K, used 37396K [0x00000000e0000000, 0x00000000eab00000, 0x00000000f5580000)
  object space 175104K, 21% used [0x00000000e0000000,0x00000000e24852a8,0x00000000eab00000)
 Metaspace       used 61751K, capacity 66174K, committed 66392K, reserved 1105920K
  class space    used 8649K, capacity 9480K, committed 9600K, reserved 1048576K
}
Event: 4637.921 GC heap before
{Heap before GC invocations=18 (full 3):
 PSYoungGen      total 136192K, used 136167K [0x00000000f5580000, 0x0000000100000000, 0x0000000100000000)
  eden space 113152K, 100% used [0x00000000f5580000,0x00000000fc400000,0x00000000fc400000)
  from space 23040K, 99% used [0x00000000fe980000,0x00000000ffff9d08,0x0000000100000000)
  to   space 30720K, 0% used [0x00000000fc400000,0x00000000fc400000,0x00000000fe200000)
 ParOldGen       total 175104K, used 37396K [0x00000000e0000000, 0x00000000eab00000, 0x00000000f5580000)
  object space 175104K, 21% used [0x00000000e0000000,0x00000000e24852a8,0x00000000eab00000)
 Metaspace       used 62464K, capacity 67006K, committed 67160K, reserved 1107968K
  class space    used 8710K, capacity 9569K, committed 9600K, reserved 1048576K
Event: 4638.114 GC heap after
Heap after GC invocations=18 (full 3):
 PSYoungGen      total 137728K, used 24210K [0x00000000f5580000, 0x0000000100000000, 0x0000000100000000)
  eden space 113152K, 0% used [0x00000000f5580000,0x00000000f5580000,0x00000000fc400000)
  from space 24576K, 98% used [0x00000000fc400000,0x00000000fdba4990,0x00000000fdc00000)
  to   space 32768K, 0% used [0x00000000fe000000,0x00000000fe000000,0x0000000100000000)
 ParOldGen       total 175104K, used 37850K [0x00000000e0000000, 0x00000000eab00000, 0x00000000f5580000)
  object space 175104K, 21% used [0x00000000e0000000,0x00000000e24f68a8,0x00000000eab00000)
 Metaspace       used 62464K, capacity 67006K, committed 67160K, reserved 1107968K
  class space    used 8710K, capacity 9569K, committed 9600K, reserved 1048576K
}

